[debug] Logging to: c:\Users\twinc\SDEInc\StreamerAnalyticsTool\extension-terminal-sample\logs\pokemon-red-debug.log
[debug] Interactive debugger mode
[debug] Commands: help, regs, step [n], run [n], break <addr>, delbreak <addr>, mem <addr> [len], write <addr> <byte>, include <path>, quit
[debug] Running script: c:\Users\twinc\SDEInc\StreamerAnalyticsTool\extension-terminal-sample\debug-scripts\pokemon_red_profile.dbg
[debug][script:1] # Pokemon Red repeatable debug profile
[debug][script:2] # Uses shared baseline setup, then traces into game code.
[debug][script:3] 
[debug][script:4] include common/baseline.dbg
[debug] Running script: c:\Users\twinc\SDEInc\StreamerAnalyticsTool\extension-terminal-sample\debug-scripts\common\baseline.dbg
[debug][script:1] # Shared baseline setup for debugger scripts
[debug][script:2] regs
A:01 F:b0 B:00 C:13 D:00 E:d8 H:01 L:4d SP:fffe PC:0100
[debug][script:3] step 8
[debug] PC=0x1f54
[debug][script:4] regs
A:00 F:80 B:00 C:13 D:00 E:d8 H:01 L:4d SP:fffe PC:1f54
[debug][script:5] break 0150
[debug] breakpoint added at 0x0150
[debug][script:6] run 2000000
[debug] Run limit reached; no breakpoint hit
[debug][script:7] regs
A:01 F:40 B:10 C:73 D:45 E:87 H:c4 L:7e SP:dff3 PC:20b4
[debug][script:8] mem c000 32

0xc000: 00 ff 00 00 ff 00 00 00 00 00 00 00 00 00 00 00 
0xc010: 00 00 00 00 00 00 00 00 00 00 00 00 00 00 00 00 
[debug][script:9] mem d000 32

0xd000: 00 00 00 00 00 00 00 00 00 00 00 00 00 00 00 00 
0xd010: 00 00 00 00 00 00 00 00 00 00 00 00 00 00 00 00 
[debug][script:10] quit
[debug] Script requested quit
